Figwheel: focusing on build-ids (dev)
[0mCompiling "resources/public/js/compiled/app.js" from ["src/cljs"]...
WARNING: Required namespace not provided for link_app.core
[32mSuccessfully compiled "resources/public/js/compiled/app.js" in 0.121 seconds.[0m
notifying browser that file changed:  resources/public/js/compiled/out/goog/deps.js
notifying browser that file changed:  resources/public/js/compiled/out/cljs_deps.js
notifying browser that file changed:  /link_app/views.js
notifying browser that file changed:  /link_app/subs.js
notifying browser that file changed:  /link_app/routes.js
notifying browser that file changed:  /link_app/db.js
notifying browser that file changed:  /link_app/handlers.js
notifying browser that file changed:  /link_app/core.js
[0mCompiling "resources/public/js/compiled/app.js" from ["src/cljs"]...
WARNING: Required namespace not provided for link_app.core
[32mSuccessfully compiled "resources/public/js/compiled/app.js" in 0.198 seconds.[0m
notifying browser that file changed:  /link_app/subs.js
[0mCompiling "resources/public/js/compiled/app.js" from ["src/cljs"]...
WARNING: Required namespace not provided for link_app.core
[32mSuccessfully compiled "resources/public/js/compiled/app.js" in 0.104 seconds.[0m
notifying browser that file changed:  /link_app/subs.js
[0mCompiling "resources/public/js/compiled/app.js" from ["src/cljs"]...
WARNING: Required namespace not provided for link_app.core
[32mSuccessfully compiled "resources/public/js/compiled/app.js" in 0.136 seconds.[0m
notifying browser that file changed:  /link_app/views.js
[0mCompiling "resources/public/js/compiled/app.js" from ["src/cljs"]...
WARNING: Required namespace not provided for link_app.core
[32mSuccessfully compiled "resources/public/js/compiled/app.js" in 0.111 seconds.[0m
notifying browser that file changed:  /link_app/views.js
[0mCompiling "resources/public/js/compiled/app.js" from ["src/cljs"]...
WARNING: Required namespace not provided for link_app.core
[32mSuccessfully compiled "resources/public/js/compiled/app.js" in 0.103 seconds.[0m
notifying browser that file changed:  /link_app/subs.js
[0mCompiling "resources/public/js/compiled/app.js" from ["src/cljs"]...
WARNING: Required namespace not provided for link_app.core
[32mSuccessfully compiled "resources/public/js/compiled/app.js" in 0.109 seconds.[0m
notifying browser that file changed:  /link_app/views.js
[0mCompiling "resources/public/js/compiled/app.js" from ["src/cljs"]...
WARNING: Required namespace not provided for link_app.core
[32mSuccessfully compiled "resources/public/js/compiled/app.js" in 0.109 seconds.[0m
notifying browser that file changed:  /link_app/views.js
[0mCompiling "resources/public/js/compiled/app.js" from ["src/cljs"]...
WARNING: Required namespace not provided for link_app.core
[32mSuccessfully compiled "resources/public/js/compiled/app.js" in 0.101 seconds.[0m
notifying browser that file changed:  /link_app/views.js
[0mCompiling "resources/public/js/compiled/app.js" from ["src/cljs"]...
WARNING: Required namespace not provided for link_app.core
[32mSuccessfully compiled "resources/public/js/compiled/app.js" in 0.1 seconds.[0m
notifying browser that file changed:  /link_app/subs.js
[0mCompiling "resources/public/js/compiled/app.js" from ["src/cljs"]...
WARNING: Required namespace not provided for link_app.core
[32mSuccessfully compiled "resources/public/js/compiled/app.js" in 0.094 seconds.[0m
notifying browser that file changed:  /link_app/subs.js
[0mCompiling "resources/public/js/compiled/app.js" from ["src/cljs"]...
WARNING: Required namespace not provided for link_app.core
[32mSuccessfully compiled "resources/public/js/compiled/app.js" in 0.095 seconds.[0m
notifying browser that file changed:  /link_app/views.js
[0mCompiling "resources/public/js/compiled/app.js" from ["src/cljs"]...
WARNING: Required namespace not provided for link_app.core
[32mSuccessfully compiled "resources/public/js/compiled/app.js" in 0.099 seconds.[0m
notifying browser that file changed:  /link_app/views.js
[0mCompiling "resources/public/js/compiled/app.js" from ["src/cljs"]...
WARNING: Required namespace not provided for link_app.core
[32mSuccessfully compiled "resources/public/js/compiled/app.js" in 0.181 seconds.[0m
notifying browser that file changed:  /link_app/views.js
[0mCompiling "resources/public/js/compiled/app.js" from ["src/cljs"]...
WARNING: Required namespace not provided for link_app.core
[32mSuccessfully compiled "resources/public/js/compiled/app.js" in 0.101 seconds.[0m
notifying browser that file changed:  resources/public/js/compiled/out/cljs_deps.js
notifying browser that file changed:  /link_app/subs.js
[0mCompiling "resources/public/js/compiled/app.js" from ["src/cljs"]...
WARNING: Required namespace not provided for link_app.core
[32mSuccessfully compiled "resources/public/js/compiled/app.js" in 0.089 seconds.[0m
notifying browser that file changed:  resources/public/js/compiled/out/cljs_deps.js
notifying browser that file changed:  /link_app/db.js
[0mCompiling "resources/public/js/compiled/app.js" from ["src/cljs"]...
WARNING: Use of undeclared Var link-app.subs/maps at line 20 src/cljs/link_app/subs.cljs
WARNING: Required namespace not provided for link_app.core
[32mSuccessfully compiled "resources/public/js/compiled/app.js" in 0.188 seconds.[0m
notifying browser that file changed:  /link_app/subs.js
[0mCompiling "resources/public/js/compiled/app.js" from ["src/cljs"]...
WARNING: Required namespace not provided for link_app.core
[32mSuccessfully compiled "resources/public/js/compiled/app.js" in 0.106 seconds.[0m
notifying browser that file changed:  /link_app/views.js
[0mCompiling "resources/public/js/compiled/app.js" from ["src/cljs"]...
WARNING: Required namespace not provided for link_app.core
[32mSuccessfully compiled "resources/public/js/compiled/app.js" in 0.091 seconds.[0m
notifying browser that file changed:  /link_app/db.js
[0mCompiling "resources/public/js/compiled/app.js" from ["src/cljs"]...
WARNING: Use of undeclared Var link-app.subs/maps at line 20 src/cljs/link_app/subs.cljs
WARNING: Required namespace not provided for link_app.core
[32mSuccessfully compiled "resources/public/js/compiled/app.js" in 0.111 seconds.[0m
notifying browser that file changed:  /link_app/subs.js
[0mCompiling "resources/public/js/compiled/app.js" from ["src/cljs"]...
WARNING: Use of undeclared Var link-app.subs/maps at line 20 src/cljs/link_app/subs.cljs
WARNING: Required namespace not provided for link_app.core
[32mSuccessfully compiled "resources/public/js/compiled/app.js" in 0.11 seconds.[0m
notifying browser that file changed:  /link_app/subs.js
[0mCompiling "resources/public/js/compiled/app.js" from ["src/cljs"]...
WARNING: Required namespace not provided for link_app.core
[32mSuccessfully compiled "resources/public/js/compiled/app.js" in 0.104 seconds.[0m
notifying browser that file changed:  /link_app/subs.js
[0mCompiling "resources/public/js/compiled/app.js" from ["src/cljs"]...
WARNING: Required namespace not provided for link_app.core
[32mSuccessfully compiled "resources/public/js/compiled/app.js" in 0.1 seconds.[0m
notifying browser that file changed:  /link_app/subs.js
[0mCompiling "resources/public/js/compiled/app.js" from ["src/cljs"]...
WARNING: Required namespace not provided for link_app.core
[32mSuccessfully compiled "resources/public/js/compiled/app.js" in 0.1 seconds.[0m
notifying browser that file changed:  /link_app/subs.js
[0mCompiling "resources/public/js/compiled/app.js" from ["src/cljs"]...
WARNING: Required namespace not provided for link_app.core
[32mSuccessfully compiled "resources/public/js/compiled/app.js" in 0.099 seconds.[0m
notifying browser that file changed:  /link_app/subs.js
[0mCompiling "resources/public/js/compiled/app.js" from ["src/cljs"]...
WARNING: Required namespace not provided for link_app.core
[32mSuccessfully compiled "resources/public/js/compiled/app.js" in 0.098 seconds.[0m
notifying browser that file changed:  resources/public/js/compiled/out/cljs_deps.js
notifying browser that file changed:  /link_app/views.js
[0mCompiling "resources/public/js/compiled/app.js" from ["src/cljs"]...
WARNING: Required namespace not provided for link_app.core
[32mSuccessfully compiled "resources/public/js/compiled/app.js" in 0.108 seconds.[0m
notifying browser that file changed:  /link_app/views.js
[0mCompiling "resources/public/js/compiled/app.js" from ["src/cljs"]...
WARNING: Required namespace not provided for link_app.core
[32mSuccessfully compiled "resources/public/js/compiled/app.js" in 0.101 seconds.[0m
notifying browser that file changed:  resources/public/js/compiled/out/cljs_deps.js
notifying browser that file changed:  /link_app/views.js
[0mCompiling "resources/public/js/compiled/app.js" from ["src/cljs"]...
WARNING: Required namespace not provided for link_app.core
[32mSuccessfully compiled "resources/public/js/compiled/app.js" in 0.107 seconds.[0m
notifying browser that file changed:  /link_app/subs.js
[0mCompiling "resources/public/js/compiled/app.js" from ["src/cljs"]...
WARNING: Required namespace not provided for link_app.core
[32mSuccessfully compiled "resources/public/js/compiled/app.js" in 0.097 seconds.[0m
notifying browser that file changed:  /link_app/subs.js
[0mCompiling "resources/public/js/compiled/app.js" from ["src/cljs"]...
WARNING: Required namespace not provided for link_app.core
[32mSuccessfully compiled "resources/public/js/compiled/app.js" in 0.102 seconds.[0m
notifying browser that file changed:  /link_app/views.js
[0mCompiling "resources/public/js/compiled/app.js" from ["src/cljs"]...
[31mCompiling "resources/public/js/compiled/app.js" failed.[0m
ERROR: Unmatched delimiter ) on file /Users/jakesendar/link_app/src/cljs/link_app/subs.cljs, line 28, column 23
[0mCompiling "resources/public/js/compiled/app.js" from ["src/cljs"]...
WARNING: Required namespace not provided for link_app.core
[32mSuccessfully compiled "resources/public/js/compiled/app.js" in 0.104 seconds.[0m
notifying browser that file changed:  /link_app/subs.js
[0mCompiling "resources/public/js/compiled/app.js" from ["src/cljs"]...
WARNING: Required namespace not provided for link_app.core
[32mSuccessfully compiled "resources/public/js/compiled/app.js" in 0.094 seconds.[0m
notifying browser that file changed:  /link_app/views.js
[0mCompiling "resources/public/js/compiled/app.js" from ["src/cljs"]...
WARNING: Required namespace not provided for link_app.core
[32mSuccessfully compiled "resources/public/js/compiled/app.js" in 0.101 seconds.[0m
notifying browser that file changed:  /link_app/subs.js
[0mCompiling "resources/public/js/compiled/app.js" from ["src/cljs"]...
WARNING: Required namespace not provided for link_app.core
[32mSuccessfully compiled "resources/public/js/compiled/app.js" in 0.094 seconds.[0m
notifying browser that file changed:  /link_app/db.js
[0mCompiling "resources/public/js/compiled/app.js" from ["src/cljs"]...
WARNING: Required namespace not provided for link_app.core
[32mSuccessfully compiled "resources/public/js/compiled/app.js" in 0.1 seconds.[0m
notifying browser that file changed:  resources/public/js/compiled/out/cljs_deps.js
notifying browser that file changed:  /link_app/core.js
[0mCompiling "resources/public/js/compiled/app.js" from ["src/cljs"]...
WARNING: Required namespace not provided for link_app.core
[32mSuccessfully compiled "resources/public/js/compiled/app.js" in 0.095 seconds.[0m
notifying browser that file changed:  /link_app/db.js
[0mCompiling "resources/public/js/compiled/app.js" from ["src/cljs"]...
WARNING: Required namespace not provided for link_app.core
[32mSuccessfully compiled "resources/public/js/compiled/app.js" in 0.102 seconds.[0m
notifying browser that file changed:  resources/public/js/compiled/out/cljs_deps.js
notifying browser that file changed:  /link_app/views.js
[0mCompiling "resources/public/js/compiled/app.js" from ["src/cljs"]...
WARNING: Required namespace not provided for link_app.core
[32mSuccessfully compiled "resources/public/js/compiled/app.js" in 0.101 seconds.[0m
notifying browser that file changed:  resources/public/js/compiled/out/cljs_deps.js
notifying browser that file changed:  /link_app/views.js
[0mCompiling "resources/public/js/compiled/app.js" from ["src/cljs"]...
WARNING: Required namespace not provided for link_app.core
[32mSuccessfully compiled "resources/public/js/compiled/app.js" in 0.1 seconds.[0m
notifying browser that file changed:  resources/public/js/compiled/out/cljs_deps.js
notifying browser that file changed:  /link_app/core.js
[0mCompiling "resources/public/js/compiled/app.js" from ["src/cljs"]...
WARNING: Required namespace not provided for link_app.core
[32mSuccessfully compiled "resources/public/js/compiled/app.js" in 0.097 seconds.[0m
notifying browser that file changed:  /link_app/db.js
[0mCompiling "resources/public/js/compiled/app.js" from ["src/cljs"]...
[32mSuccessfully compiled "resources/public/js/compiled/app.js" in 0.08 seconds.[0m
notifying browser that file changed:  resources/public/js/compiled/out/cljs_deps.js
notifying browser that file changed:  /link_app/core.js
[0mCompiling "resources/public/js/compiled/app.js" from ["src/cljs"]...
[32mSuccessfully compiled "resources/public/js/compiled/app.js" in 0.071 seconds.[0m
notifying browser that file changed:  /link_app/db.js
[0mCompiling "resources/public/js/compiled/app.js" from ["src/cljs"]...
[32mSuccessfully compiled "resources/public/js/compiled/app.js" in 0.083 seconds.[0m
notifying browser that file changed:  /link_app/db.js
[0mCompiling "resources/public/js/compiled/app.js" from ["src/cljs"]...
[32mSuccessfully compiled "resources/public/js/compiled/app.js" in 0.081 seconds.[0m
notifying browser that file changed:  /link_app/core.js
[0mCompiling "resources/public/js/compiled/app.js" from ["src/cljs"]...
[32mSuccessfully compiled "resources/public/js/compiled/app.js" in 0.082 seconds.[0m
notifying browser that file changed:  resources/public/js/compiled/out/cljs_deps.js
notifying browser that file changed:  /link_app/views.js
[0mCompiling "resources/public/js/compiled/app.js" from ["src/cljs"]...
[32mSuccessfully compiled "resources/public/js/compiled/app.js" in 0.089 seconds.[0m
notifying browser that file changed:  /link_app/views.js
[0mCompiling "resources/public/js/compiled/app.js" from ["src/cljs"]...
WARNING: Required namespace not provided for link_app.core
[32mSuccessfully compiled "resources/public/js/compiled/app.js" in 0.094 seconds.[0m
notifying browser that file changed:  resources/public/js/compiled/out/cljs_deps.js
notifying browser that file changed:  /link_app/core.js
Figwheel: focusing on build-ids (dev)
[0mCompiling "resources/public/js/compiled/app.js" from ["src/cljs"]...
WARNING: Required namespace not provided for link_app.core
[32mSuccessfully compiled "resources/public/js/compiled/app.js" in 0.172 seconds.[0m
notifying browser that file changed:  resources/public/js/compiled/out/goog/deps.js
notifying browser that file changed:  resources/public/js/compiled/out/cljs_deps.js
notifying browser that file changed:  /link_app/views.js
notifying browser that file changed:  /link_app/subs.js
notifying browser that file changed:  /link_app/routes.js
notifying browser that file changed:  /link_app/db.js
notifying browser that file changed:  /link_app/handlers.js
notifying browser that file changed:  /link_app/core.js
[0mCompiling "resources/public/js/compiled/app.js" from ["src/cljs"]...
WARNING: Required namespace not provided for link_app.core
[32mSuccessfully compiled "resources/public/js/compiled/app.js" in 0.217 seconds.[0m
notifying browser that file changed:  /link_app/views.js
[0mCompiling "resources/public/js/compiled/app.js" from ["src/cljs"]...
WARNING: Required namespace not provided for link_app.core
[32mSuccessfully compiled "resources/public/js/compiled/app.js" in 0.109 seconds.[0m
notifying browser that file changed:  /link_app/routes.js
[0mCompiling "resources/public/js/compiled/app.js" from ["src/cljs"]...
WARNING: Required namespace not provided for link_app.core
[32mSuccessfully compiled "resources/public/js/compiled/app.js" in 0.097 seconds.[0m
notifying browser that file changed:  /link_app/handlers.js
[0mCompiling "resources/public/js/compiled/app.js" from ["src/cljs"]...
WARNING: Required namespace not provided for link_app.core
[32mSuccessfully compiled "resources/public/js/compiled/app.js" in 0.119 seconds.[0m
notifying browser that file changed:  /link_app/views.js
Figwheel: focusing on build-ids (dev)
[0mCompiling "resources/public/js/compiled/app.js" from ["src/cljs"]...
WARNING: Required namespace not provided for link_app.core
[32mSuccessfully compiled "resources/public/js/compiled/app.js" in 0.193 seconds.[0m
notifying browser that file changed:  resources/public/js/compiled/out/goog/deps.js
notifying browser that file changed:  resources/public/js/compiled/out/cljs_deps.js
notifying browser that file changed:  /link_app/views.js
notifying browser that file changed:  /link_app/subs.js
notifying browser that file changed:  /link_app/routes.js
notifying browser that file changed:  /link_app/db.js
notifying browser that file changed:  /link_app/handlers.js
notifying browser that file changed:  /link_app/core.js
[0mCompiling "resources/public/js/compiled/app.js" from ["src/cljs"]...
WARNING: Required namespace not provided for link_app.core
[32mSuccessfully compiled "resources/public/js/compiled/app.js" in 0.139 seconds.[0m
notifying browser that file changed:  /link_app/views.js
[0mCompiling "resources/public/js/compiled/app.js" from ["src/cljs"]...
WARNING: Required namespace not provided for link_app.core
[32mSuccessfully compiled "resources/public/js/compiled/app.js" in 0.138 seconds.[0m
notifying browser that file changed:  /link_app/routes.js
[0mCompiling "resources/public/js/compiled/app.js" from ["src/cljs"]...
WARNING: Required namespace not provided for link_app.core
[32mSuccessfully compiled "resources/public/js/compiled/app.js" in 0.127 seconds.[0m
notifying browser that file changed:  /link_app/views.js
[0mCompiling "resources/public/js/compiled/app.js" from ["src/cljs"]...
WARNING: Required namespace not provided for link_app.core
[32mSuccessfully compiled "resources/public/js/compiled/app.js" in 0.112 seconds.[0m
notifying browser that file changed:  /link_app/core.js
[0mCompiling "resources/public/js/compiled/app.js" from ["src/cljs"]...
WARNING: Required namespace not provided for link_app.core
[32mSuccessfully compiled "resources/public/js/compiled/app.js" in 0.192 seconds.[0m
notifying browser that file changed:  resources/public/js/compiled/out/cljs_deps.js
notifying browser that file changed:  /link_app/routes.js
Figwheel: focusing on build-ids (dev)
[0mCompiling "resources/public/js/compiled/app.js" from ["src/cljs"]...
WARNING: Required namespace not provided for link_app.core
[32mSuccessfully compiled "resources/public/js/compiled/app.js" in 0.146 seconds.[0m
notifying browser that file changed:  resources/public/js/compiled/out/goog/deps.js
notifying browser that file changed:  resources/public/js/compiled/out/cljs_deps.js
notifying browser that file changed:  /link_app/views.js
notifying browser that file changed:  /link_app/subs.js
notifying browser that file changed:  /link_app/routes.js
notifying browser that file changed:  /link_app/db.js
notifying browser that file changed:  /link_app/handlers.js
notifying browser that file changed:  /link_app/core.js
[0mCompiling "resources/public/js/compiled/app.js" from ["src/cljs"]...
WARNING: Required namespace not provided for link_app.core
[32mSuccessfully compiled "resources/public/js/compiled/app.js" in 0.121 seconds.[0m
notifying browser that file changed:  /link_app/db.js
[0mCompiling "resources/public/js/compiled/app.js" from ["src/cljs"]...
WARNING: Required namespace not provided for link_app.core
[32mSuccessfully compiled "resources/public/js/compiled/app.js" in 0.128 seconds.[0m
notifying browser that file changed:  /link_app/db.js
Figwheel: focusing on build-ids (dev)
[0mCompiling "resources/public/js/compiled/app.js" from ["src/cljs"]...
[32mSuccessfully compiled "resources/public/js/compiled/app.js" in 0.138 seconds.[0m
notifying browser that file changed:  resources/public/js/compiled/out/goog/deps.js
notifying browser that file changed:  resources/public/js/compiled/out/cljs_deps.js
notifying browser that file changed:  /link_app/views.js
notifying browser that file changed:  /link_app/subs.js
notifying browser that file changed:  /link_app/routes.js
notifying browser that file changed:  /link_app/db.js
notifying browser that file changed:  /link_app/handlers.js
notifying browser that file changed:  /link_app/core.js
[0mCompiling "resources/public/js/compiled/app.js" from ["src/cljs"]...
[32mSuccessfully compiled "resources/public/js/compiled/app.js" in 0.103 seconds.[0m
notifying browser that file changed:  /link_app/handlers.js
[0mCompiling "resources/public/js/compiled/app.js" from ["src/cljs"]...
[32mSuccessfully compiled "resources/public/js/compiled/app.js" in 0.137 seconds.[0m
notifying browser that file changed:  resources/public/js/compiled/out/cljs_deps.js
notifying browser that file changed:  /link_app/core.js
[0mCompiling "resources/public/js/compiled/app.js" from ["src/cljs"]...
[32mSuccessfully compiled "resources/public/js/compiled/app.js" in 0.111 seconds.[0m
notifying browser that file changed:  /link_app/views.js
[0mCompiling "resources/public/js/compiled/app.js" from ["src/cljs"]...
[32mSuccessfully compiled "resources/public/js/compiled/app.js" in 0.123 seconds.[0m
notifying browser that file changed:  /link_app/views.js
[0mCompiling "resources/public/js/compiled/app.js" from ["src/cljs"]...
[32mSuccessfully compiled "resources/public/js/compiled/app.js" in 0.102 seconds.[0m
notifying browser that file changed:  /link_app/views.js
[0mCompiling "resources/public/js/compiled/app.js" from ["src/cljs"]...
[32mSuccessfully compiled "resources/public/js/compiled/app.js" in 0.1 seconds.[0m
notifying browser that file changed:  /link_app/views.js
[0mCompiling "resources/public/js/compiled/app.js" from ["src/cljs"]...
[32mSuccessfully compiled "resources/public/js/compiled/app.js" in 0.09 seconds.[0m
notifying browser that file changed:  resources/public/js/compiled/out/cljs_deps.js
notifying browser that file changed:  /link_app/handlers.js
[0mCompiling "resources/public/js/compiled/app.js" from ["src/cljs"]...
[32mSuccessfully compiled "resources/public/js/compiled/app.js" in 0.078 seconds.[0m
notifying browser that file changed:  resources/public/js/compiled/out/cljs_deps.js
notifying browser that file changed:  /link_app/handlers.js
[0mCompiling "resources/public/js/compiled/app.js" from ["src/cljs"]...
[32mSuccessfully compiled "resources/public/js/compiled/app.js" in 0.094 seconds.[0m
notifying browser that file changed:  resources/public/js/compiled/out/cljs_deps.js
notifying browser that file changed:  /link_app/views.js
[0mCompiling "resources/public/js/compiled/app.js" from ["src/cljs"]...
[32mSuccessfully compiled "resources/public/js/compiled/app.js" in 0.106 seconds.[0m
notifying browser that file changed:  /link_app/views.js
[0mCompiling "resources/public/js/compiled/app.js" from ["src/cljs"]...
[32mSuccessfully compiled "resources/public/js/compiled/app.js" in 0.113 seconds.[0m
notifying browser that file changed:  resources/public/js/compiled/out/cljs_deps.js
notifying browser that file changed:  /link_app/handlers.js
[0mCompiling "resources/public/js/compiled/app.js" from ["src/cljs"]...
[32mSuccessfully compiled "resources/public/js/compiled/app.js" in 0.094 seconds.[0m
notifying browser that file changed:  /link_app/routes.js
[0mCompiling "resources/public/js/compiled/app.js" from ["src/cljs"]...
[32mSuccessfully compiled "resources/public/js/compiled/app.js" in 0.078 seconds.[0m
notifying browser that file changed:  /link_app/handlers.js
[0mCompiling "resources/public/js/compiled/app.js" from ["src/cljs"]...
[32mSuccessfully compiled "resources/public/js/compiled/app.js" in 0.116 seconds.[0m
notifying browser that file changed:  resources/public/js/compiled/out/cljs_deps.js
notifying browser that file changed:  /link_app/views.js
[0mCompiling "resources/public/js/compiled/app.js" from ["src/cljs"]...
[32mSuccessfully compiled "resources/public/js/compiled/app.js" in 0.091 seconds.[0m
notifying browser that file changed:  /link_app/core.js
[0mCompiling "resources/public/js/compiled/app.js" from ["src/cljs"]...
WARNING: Use of undeclared Var link-app.views/main-panel at line 10 src/cljs/link_app/core.cljs
[32mSuccessfully compiled "resources/public/js/compiled/app.js" in 0.092 seconds.[0m
notifying browser that file changed:  resources/public/js/compiled/out/cljs_deps.js
notifying browser that file changed:  /link_app/core.js
[0mCompiling "resources/public/js/compiled/app.js" from ["src/cljs"]...
[32mSuccessfully compiled "resources/public/js/compiled/app.js" in 0.091 seconds.[0m
notifying browser that file changed:  resources/public/js/compiled/out/cljs_deps.js
notifying browser that file changed:  /link_app/views.js
[0mCompiling "resources/public/js/compiled/app.js" from ["src/cljs"]...
[32mSuccessfully compiled "resources/public/js/compiled/app.js" in 0.088 seconds.[0m
notifying browser that file changed:  resources/public/js/compiled/out/cljs_deps.js
notifying browser that file changed:  /link_app/views.js
[0mCompiling "resources/public/js/compiled/app.js" from ["src/cljs"]...
[32mSuccessfully compiled "resources/public/js/compiled/app.js" in 0.122 seconds.[0m
notifying browser that file changed:  /link_app/views.js
[0mCompiling "resources/public/js/compiled/app.js" from ["src/cljs"]...
[32mSuccessfully compiled "resources/public/js/compiled/app.js" in 0.098 seconds.[0m
notifying browser that file changed:  /link_app/views.js
[0mCompiling "resources/public/js/compiled/app.js" from ["src/cljs"]...
[32mSuccessfully compiled "resources/public/js/compiled/app.js" in 0.142 seconds.[0m
notifying browser that file changed:  /link_app/views.js
[0mCompiling "resources/public/js/compiled/app.js" from ["src/cljs"]...
[32mSuccessfully compiled "resources/public/js/compiled/app.js" in 0.081 seconds.[0m
notifying browser that file changed:  resources/public/js/compiled/out/cljs_deps.js
notifying browser that file changed:  /link_app/core.js
[0mCompiling "resources/public/js/compiled/app.js" from ["src/cljs"]...
[32mSuccessfully compiled "resources/public/js/compiled/app.js" in 0.08 seconds.[0m
notifying browser that file changed:  resources/public/js/compiled/out/cljs_deps.js
notifying browser that file changed:  /link_app/subs.js
[0mCompiling "resources/public/js/compiled/app.js" from ["src/cljs"]...
[32mSuccessfully compiled "resources/public/js/compiled/app.js" in 0.088 seconds.[0m
notifying browser that file changed:  /link_app/views.js
[0mCompiling "resources/public/js/compiled/app.js" from ["src/cljs"]...
WARNING: Use of undeclared Var link-app.views/link at line 8 src/cljs/link_app/views.cljs
[32mSuccessfully compiled "resources/public/js/compiled/app.js" in 0.12 seconds.[0m
notifying browser that file changed:  /link_app/views.js
[0mCompiling "resources/public/js/compiled/app.js" from ["src/cljs"]...
[32mSuccessfully compiled "resources/public/js/compiled/app.js" in 0.085 seconds.[0m
notifying browser that file changed:  /link_app/views.js
[0mCompiling "resources/public/js/compiled/app.js" from ["src/cljs"]...
[32mSuccessfully compiled "resources/public/js/compiled/app.js" in 0.086 seconds.[0m
notifying browser that file changed:  /link_app/routes.js
[0mCompiling "resources/public/js/compiled/app.js" from ["src/cljs"]...
[32mSuccessfully compiled "resources/public/js/compiled/app.js" in 0.081 seconds.[0m
notifying browser that file changed:  /link_app/views.js
[0mCompiling "resources/public/js/compiled/app.js" from ["src/cljs"]...
[32mSuccessfully compiled "resources/public/js/compiled/app.js" in 0.104 seconds.[0m
notifying browser that file changed:  /link_app/views.js
[0mCompiling "resources/public/js/compiled/app.js" from ["src/cljs"]...
[32mSuccessfully compiled "resources/public/js/compiled/app.js" in 0.083 seconds.[0m
notifying browser that file changed:  resources/public/js/compiled/out/cljs_deps.js
notifying browser that file changed:  /link_app/core.js
[0mCompiling "resources/public/js/compiled/app.js" from ["src/cljs"]...
[32mSuccessfully compiled "resources/public/js/compiled/app.js" in 0.095 seconds.[0m
notifying browser that file changed:  resources/public/js/compiled/out/cljs_deps.js
notifying browser that file changed:  /link_app/routes.js
[0mCompiling "resources/public/js/compiled/app.js" from ["src/cljs"]...
[32mSuccessfully compiled "resources/public/js/compiled/app.js" in 0.084 seconds.[0m
notifying browser that file changed:  /link_app/routes.js
Figwheel: focusing on build-ids (dev)
[0mCompiling "resources/public/js/compiled/app.js" from ["src/cljs"]...
[32mSuccessfully compiled "resources/public/js/compiled/app.js" in 0.161 seconds.[0m
notifying browser that file changed:  resources/public/js/compiled/out/goog/deps.js
notifying browser that file changed:  resources/public/js/compiled/out/cljs_deps.js
notifying browser that file changed:  /link_app/views.js
notifying browser that file changed:  /link_app/subs.js
notifying browser that file changed:  /link_app/routes.js
notifying browser that file changed:  /link_app/db.js
notifying browser that file changed:  /link_app/handlers.js
notifying browser that file changed:  /link_app/core.js
[0mCompiling "resources/public/js/compiled/app.js" from ["src/cljs"]...
[32mSuccessfully compiled "resources/public/js/compiled/app.js" in 0.131 seconds.[0m
notifying browser that file changed:  /link_app/routes.js
[0mCompiling "resources/public/js/compiled/app.js" from ["src/cljs"]...
[32mSuccessfully compiled "resources/public/js/compiled/app.js" in 0.113 seconds.[0m
notifying browser that file changed:  /link_app/routes.js
[0mCompiling "resources/public/js/compiled/app.js" from ["src/cljs"]...
[32mSuccessfully compiled "resources/public/js/compiled/app.js" in 0.144 seconds.[0m
notifying browser that file changed:  /link_app/routes.js
[0mCompiling "resources/public/js/compiled/app.js" from ["src/cljs"]...
[32mSuccessfully compiled "resources/public/js/compiled/app.js" in 0.104 seconds.[0m
notifying browser that file changed:  resources/public/js/compiled/out/cljs_deps.js
notifying browser that file changed:  /link_app/routes.js
[0mCompiling "resources/public/js/compiled/app.js" from ["src/cljs"]...
[32mSuccessfully compiled "resources/public/js/compiled/app.js" in 0.119 seconds.[0m
notifying browser that file changed:  resources/public/js/compiled/out/cljs_deps.js
notifying browser that file changed:  /link_app/routes.js
[0mCompiling "resources/public/js/compiled/app.js" from ["src/cljs"]...
[32mSuccessfully compiled "resources/public/js/compiled/app.js" in 0.094 seconds.[0m
notifying browser that file changed:  resources/public/js/compiled/out/cljs_deps.js
notifying browser that file changed:  /link_app/routes.js
[0mCompiling "resources/public/js/compiled/app.js" from ["src/cljs"]...
[32mSuccessfully compiled "resources/public/js/compiled/app.js" in 0.087 seconds.[0m
notifying browser that file changed:  resources/public/js/compiled/out/cljs_deps.js
notifying browser that file changed:  /link_app/handlers.js
[0mCompiling "resources/public/js/compiled/app.js" from ["src/cljs"]...
[32mSuccessfully compiled "resources/public/js/compiled/app.js" in 0.106 seconds.[0m
notifying browser that file changed:  /link_app/handlers.js
[0mCompiling "resources/public/js/compiled/app.js" from ["src/cljs"]...
[32mSuccessfully compiled "resources/public/js/compiled/app.js" in 0.085 seconds.[0m
notifying browser that file changed:  /link_app/handlers.js
[0mCompiling "resources/public/js/compiled/app.js" from ["src/cljs"]...
[32mSuccessfully compiled "resources/public/js/compiled/app.js" in 0.104 seconds.[0m
notifying browser that file changed:  /link_app/routes.js
[0mCompiling "resources/public/js/compiled/app.js" from ["src/cljs"]...
[32mSuccessfully compiled "resources/public/js/compiled/app.js" in 0.096 seconds.[0m
notifying browser that file changed:  /link_app/routes.js
[0mCompiling "resources/public/js/compiled/app.js" from ["src/cljs"]...
[32mSuccessfully compiled "resources/public/js/compiled/app.js" in 0.092 seconds.[0m
notifying browser that file changed:  /link_app/routes.js
[0mCompiling "resources/public/js/compiled/app.js" from ["src/cljs"]...
[32mSuccessfully compiled "resources/public/js/compiled/app.js" in 0.093 seconds.[0m
notifying browser that file changed:  /link_app/routes.js
[0mCompiling "resources/public/js/compiled/app.js" from ["src/cljs"]...
[32mSuccessfully compiled "resources/public/js/compiled/app.js" in 0.098 seconds.[0m
notifying browser that file changed:  /link_app/routes.js
[0mCompiling "resources/public/js/compiled/app.js" from ["src/cljs"]...
[32mSuccessfully compiled "resources/public/js/compiled/app.js" in 0.099 seconds.[0m
notifying browser that file changed:  /link_app/routes.js
[0mCompiling "resources/public/js/compiled/app.js" from ["src/cljs"]...
[32mSuccessfully compiled "resources/public/js/compiled/app.js" in 0.088 seconds.[0m
notifying browser that file changed:  /link_app/routes.js
[0mCompiling "resources/public/js/compiled/app.js" from ["src/cljs"]...
[32mSuccessfully compiled "resources/public/js/compiled/app.js" in 0.119 seconds.[0m
notifying browser that file changed:  /link_app/routes.js
[0mCompiling "resources/public/js/compiled/app.js" from ["src/cljs"]...
[32mSuccessfully compiled "resources/public/js/compiled/app.js" in 0.156 seconds.[0m
notifying browser that file changed:  /link_app/routes.js
[0mCompiling "resources/public/js/compiled/app.js" from ["src/cljs"]...
[32mSuccessfully compiled "resources/public/js/compiled/app.js" in 0.091 seconds.[0m
notifying browser that file changed:  /link_app/views.js
[0mCompiling "resources/public/js/compiled/app.js" from ["src/cljs"]...
[32mSuccessfully compiled "resources/public/js/compiled/app.js" in 0.089 seconds.[0m
notifying browser that file changed:  resources/public/js/compiled/out/cljs_deps.js
notifying browser that file changed:  /link_app/routes.js
[0mCompiling "resources/public/js/compiled/app.js" from ["src/cljs"]...
WARNING: cljs.core/+, all arguments must be numbers, got [string string] instead. at line 20 src/cljs/link_app/routes.cljs
WARNING: cljs.core/+, all arguments must be numbers, got [string string] instead. at line 20 src/cljs/link_app/routes.cljs
[32mSuccessfully compiled "resources/public/js/compiled/app.js" in 0.129 seconds.[0m
notifying browser that file changed:  /link_app/routes.js
[0mCompiling "resources/public/js/compiled/app.js" from ["src/cljs"]...
[32mSuccessfully compiled "resources/public/js/compiled/app.js" in 0.094 seconds.[0m
notifying browser that file changed:  resources/public/js/compiled/out/cljs_deps.js
notifying browser that file changed:  /link_app/routes.js
[0mCompiling "resources/public/js/compiled/app.js" from ["src/cljs"]...
[32mSuccessfully compiled "resources/public/js/compiled/app.js" in 0.095 seconds.[0m
notifying browser that file changed:  resources/public/js/compiled/out/cljs_deps.js
notifying browser that file changed:  /link_app/routes.js
[0mCompiling "resources/public/js/compiled/app.js" from ["src/cljs"]...
[31mCompiling "resources/public/js/compiled/app.js" failed.[0m
clojure.lang.ExceptionInfo: failed compiling file:src/cljs/link_app/routes.cljs
 at clojure.core$ex_info.invoke (core.clj:4403)
    cljs.compiler$compile_file$fn__3100.invoke (compiler.clj:1142)
    cljs.compiler$compile_file.invoke (compiler.clj:1105)
    cljs.compiler$compile_root.invoke (compiler.clj:1177)
    cljs.closure$compile_dir.invoke (closure.clj:378)
    cljs.closure$eval3516$fn__3517.invoke (closure.clj:418)
    cljs.closure$eval3452$fn__3453$G__3443__3460.invoke (closure.clj:325)
    cljs.closure$eval3503$fn__3504.invoke (closure.clj:432)
    cljs.closure$eval3452$fn__3453$G__3443__3460.invoke (closure.clj:325)
    clojurescript_build.core.CompilableSourcePaths/fn (core.clj:19)
    clojure.core$map$fn__4245.invoke (core.clj:2557)
    clojure.lang.LazySeq.sval (LazySeq.java:40)
    clojure.lang.LazySeq.seq (LazySeq.java:49)
    clojure.lang.RT.seq (RT.java:484)
    clojure.core$seq.invoke (core.clj:133)
    clojure.core$apply.invoke (core.clj:624)
    clojure.core$mapcat.doInvoke (core.clj:2586)
    clojure.lang.RestFn.invoke (RestFn.java:423)
    clojurescript_build.core.CompilableSourcePaths._compile (core.clj:19)
    cljs.closure$build.invoke (closure.clj:1446)
    clojurescript_build.core$build_source_paths_STAR_.invoke (core.clj:153)
    figwheel_sidecar.auto_builder$default_build_options$fn__17678.invoke (auto_builder.clj:78)
    figwheel_sidecar.auto_builder$insert_figwheel_connect_script$fn__17711.invoke (auto_builder.clj:179)
    figwheel_sidecar.auto_builder$warning$fn__17675.invoke (auto_builder.clj:73)
    clojurescript_build.auto$time_build$fn__17471.invoke (auto.clj:55)
    clojurescript_build.auto$after$fn__17477.invoke (auto.clj:64)
    clojurescript_build.auto$after$fn__17477.invoke (auto.clj:64)
    clojurescript_build.auto$after$fn__17477.invoke (auto.clj:64)
    clojurescript_build.auto$error$fn__17480.invoke (auto.clj:71)
    clojurescript_build.auto$before$fn__17474.invoke (auto.clj:60)
[0mCompiling "resources/public/js/compiled/app.js" from ["src/cljs"]...
[31mCompiling "resources/public/js/compiled/app.js" failed.[0m
clojure.lang.ExceptionInfo: failed compiling file:src/cljs/link_app/routes.cljs
 at clojure.core$ex_info.invoke (core.clj:4403)
    cljs.compiler$compile_file$fn__3100.invoke (compiler.clj:1142)
    cljs.compiler$compile_file.invoke (compiler.clj:1105)
    cljs.compiler$compile_root.invoke (compiler.clj:1177)
    cljs.closure$compile_dir.invoke (closure.clj:378)
    cljs.closure$eval3516$fn__3517.invoke (closure.clj:418)
    cljs.closure$eval3452$fn__3453$G__3443__3460.invoke (closure.clj:325)
    cljs.closure$eval3503$fn__3504.invoke (closure.clj:432)
    cljs.closure$eval3452$fn__3453$G__3443__3460.invoke (closure.clj:325)
    clojurescript_build.core.CompilableSourcePaths/fn (core.clj:19)
    clojure.core$map$fn__4245.invoke (core.clj:2557)
    clojure.lang.LazySeq.sval (LazySeq.java:40)
    clojure.lang.LazySeq.seq (LazySeq.java:49)
    clojure.lang.RT.seq (RT.java:484)
    clojure.core$seq.invoke (core.clj:133)
    clojure.core$apply.invoke (core.clj:624)
    clojure.core$mapcat.doInvoke (core.clj:2586)
    clojure.lang.RestFn.invoke (RestFn.java:423)
    clojurescript_build.core.CompilableSourcePaths._compile (core.clj:19)
    cljs.closure$build.invoke (closure.clj:1446)
    clojurescript_build.core$build_source_paths_STAR_.invoke (core.clj:153)
    figwheel_sidecar.auto_builder$default_build_options$fn__17678.invoke (auto_builder.clj:78)
    figwheel_sidecar.auto_builder$insert_figwheel_connect_script$fn__17711.invoke (auto_builder.clj:179)
    figwheel_sidecar.auto_builder$warning$fn__17675.invoke (auto_builder.clj:73)
    clojurescript_build.auto$time_build$fn__17471.invoke (auto.clj:55)
    clojurescript_build.auto$after$fn__17477.invoke (auto.clj:64)
    clojurescript_build.auto$after$fn__17477.invoke (auto.clj:64)
    clojurescript_build.auto$after$fn__17477.invoke (auto.clj:64)
    clojurescript_build.auto$error$fn__17480.invoke (auto.clj:71)
    clojurescript_build.auto$before$fn__17474.invoke (auto.clj:60)
[0mCompiling "resources/public/js/compiled/app.js" from ["src/cljs"]...
[32mSuccessfully compiled "resources/public/js/compiled/app.js" in 0.097 seconds.[0m
notifying browser that file changed:  resources/public/js/compiled/out/cljs_deps.js
notifying browser that file changed:  /link_app/views.js
[0mCompiling "resources/public/js/compiled/app.js" from ["src/cljs"]...
[31mCompiling "resources/public/js/compiled/app.js" failed.[0m
clojure.lang.ExceptionInfo: failed compiling file:src/cljs/link_app/routes.cljs
 at clojure.core$ex_info.invoke (core.clj:4403)
    cljs.compiler$compile_file$fn__3100.invoke (compiler.clj:1142)
    cljs.compiler$compile_file.invoke (compiler.clj:1105)
    cljs.compiler$compile_root.invoke (compiler.clj:1177)
    cljs.closure$compile_dir.invoke (closure.clj:378)
    cljs.closure$eval3516$fn__3517.invoke (closure.clj:418)
    cljs.closure$eval3452$fn__3453$G__3443__3460.invoke (closure.clj:325)
    cljs.closure$eval3503$fn__3504.invoke (closure.clj:432)
    cljs.closure$eval3452$fn__3453$G__3443__3460.invoke (closure.clj:325)
    clojurescript_build.core.CompilableSourcePaths/fn (core.clj:19)
    clojure.core$map$fn__4245.invoke (core.clj:2557)
    clojure.lang.LazySeq.sval (LazySeq.java:40)
    clojure.lang.LazySeq.seq (LazySeq.java:49)
    clojure.lang.RT.seq (RT.java:484)
    clojure.core$seq.invoke (core.clj:133)
    clojure.core$apply.invoke (core.clj:624)
    clojure.core$mapcat.doInvoke (core.clj:2586)
    clojure.lang.RestFn.invoke (RestFn.java:423)
    clojurescript_build.core.CompilableSourcePaths._compile (core.clj:19)
    cljs.closure$build.invoke (closure.clj:1446)
    clojurescript_build.core$build_source_paths_STAR_.invoke (core.clj:153)
    figwheel_sidecar.auto_builder$default_build_options$fn__17678.invoke (auto_builder.clj:78)
    figwheel_sidecar.auto_builder$insert_figwheel_connect_script$fn__17711.invoke (auto_builder.clj:179)
    figwheel_sidecar.auto_builder$warning$fn__17675.invoke (auto_builder.clj:73)
    clojurescript_build.auto$time_build$fn__17471.invoke (auto.clj:55)
    clojurescript_build.auto$after$fn__17477.invoke (auto.clj:64)
    clojurescript_build.auto$after$fn__17477.invoke (auto.clj:64)
    clojurescript_build.auto$after$fn__17477.invoke (auto.clj:64)
    clojurescript_build.auto$error$fn__17480.invoke (auto.clj:71)
    clojurescript_build.auto$before$fn__17474.invoke (auto.clj:60)
[0mCompiling "resources/public/js/compiled/app.js" from ["src/cljs"]...
[32mSuccessfully compiled "resources/public/js/compiled/app.js" in 0.103 seconds.[0m
notifying browser that file changed:  /link_app/views.js
[0mCompiling "resources/public/js/compiled/app.js" from ["src/cljs"]...
[31mCompiling "resources/public/js/compiled/app.js" failed.[0m
ERROR: Invalid token: :/link on file /Users/jakesendar/link_app/src/cljs/link_app/views.cljs, line 19, column 24
[0mCompiling "resources/public/js/compiled/app.js" from ["src/cljs"]...
[32mSuccessfully compiled "resources/public/js/compiled/app.js" in 0.098 seconds.[0m
notifying browser that file changed:  /link_app/views.js
[0mCompiling "resources/public/js/compiled/app.js" from ["src/cljs"]...
[31mCompiling "resources/public/js/compiled/app.js" failed.[0m
clojure.lang.ExceptionInfo: failed compiling file:src/cljs/link_app/routes.cljs
 at clojure.core$ex_info.invoke (core.clj:4403)
    cljs.compiler$compile_file$fn__3100.invoke (compiler.clj:1142)
    cljs.compiler$compile_file.invoke (compiler.clj:1105)
    cljs.compiler$compile_root.invoke (compiler.clj:1177)
    cljs.closure$compile_dir.invoke (closure.clj:378)
    cljs.closure$eval3516$fn__3517.invoke (closure.clj:418)
    cljs.closure$eval3452$fn__3453$G__3443__3460.invoke (closure.clj:325)
    cljs.closure$eval3503$fn__3504.invoke (closure.clj:432)
    cljs.closure$eval3452$fn__3453$G__3443__3460.invoke (closure.clj:325)
    clojurescript_build.core.CompilableSourcePaths/fn (core.clj:19)
    clojure.core$map$fn__4245.invoke (core.clj:2557)
    clojure.lang.LazySeq.sval (LazySeq.java:40)
    clojure.lang.LazySeq.seq (LazySeq.java:49)
    clojure.lang.RT.seq (RT.java:484)
    clojure.core$seq.invoke (core.clj:133)
    clojure.core$apply.invoke (core.clj:624)
    clojure.core$mapcat.doInvoke (core.clj:2586)
    clojure.lang.RestFn.invoke (RestFn.java:423)
    clojurescript_build.core.CompilableSourcePaths._compile (core.clj:19)
    cljs.closure$build.invoke (closure.clj:1446)
    clojurescript_build.core$build_source_paths_STAR_.invoke (core.clj:153)
    figwheel_sidecar.auto_builder$default_build_options$fn__17678.invoke (auto_builder.clj:78)
    figwheel_sidecar.auto_builder$insert_figwheel_connect_script$fn__17711.invoke (auto_builder.clj:179)
    figwheel_sidecar.auto_builder$warning$fn__17675.invoke (auto_builder.clj:73)
    clojurescript_build.auto$time_build$fn__17471.invoke (auto.clj:55)
    clojurescript_build.auto$after$fn__17477.invoke (auto.clj:64)
    clojurescript_build.auto$after$fn__17477.invoke (auto.clj:64)
    clojurescript_build.auto$after$fn__17477.invoke (auto.clj:64)
    clojurescript_build.auto$error$fn__17480.invoke (auto.clj:71)
    clojurescript_build.auto$before$fn__17474.invoke (auto.clj:60)
[0mCompiling "resources/public/js/compiled/app.js" from ["src/cljs"]...
[31mCompiling "resources/public/js/compiled/app.js" failed.[0m
clojure.lang.ExceptionInfo: failed compiling file:src/cljs/link_app/routes.cljs
 at clojure.core$ex_info.invoke (core.clj:4403)
    cljs.compiler$compile_file$fn__3100.invoke (compiler.clj:1142)
    cljs.compiler$compile_file.invoke (compiler.clj:1105)
    cljs.compiler$compile_root.invoke (compiler.clj:1177)
    cljs.closure$compile_dir.invoke (closure.clj:378)
    cljs.closure$eval3516$fn__3517.invoke (closure.clj:418)
    cljs.closure$eval3452$fn__3453$G__3443__3460.invoke (closure.clj:325)
    cljs.closure$eval3503$fn__3504.invoke (closure.clj:432)
    cljs.closure$eval3452$fn__3453$G__3443__3460.invoke (closure.clj:325)
    clojurescript_build.core.CompilableSourcePaths/fn (core.clj:19)
    clojure.core$map$fn__4245.invoke (core.clj:2557)
    clojure.lang.LazySeq.sval (LazySeq.java:40)
    clojure.lang.LazySeq.seq (LazySeq.java:49)
    clojure.lang.RT.seq (RT.java:484)
    clojure.core$seq.invoke (core.clj:133)
    clojure.core$apply.invoke (core.clj:624)
    clojure.core$mapcat.doInvoke (core.clj:2586)
    clojure.lang.RestFn.invoke (RestFn.java:423)
    clojurescript_build.core.CompilableSourcePaths._compile (core.clj:19)
    cljs.closure$build.invoke (closure.clj:1446)
    clojurescript_build.core$build_source_paths_STAR_.invoke (core.clj:153)
    figwheel_sidecar.auto_builder$default_build_options$fn__17678.invoke (auto_builder.clj:78)
    figwheel_sidecar.auto_builder$insert_figwheel_connect_script$fn__17711.invoke (auto_builder.clj:179)
    figwheel_sidecar.auto_builder$warning$fn__17675.invoke (auto_builder.clj:73)
    clojurescript_build.auto$time_build$fn__17471.invoke (auto.clj:55)
    clojurescript_build.auto$after$fn__17477.invoke (auto.clj:64)
    clojurescript_build.auto$after$fn__17477.invoke (auto.clj:64)
    clojurescript_build.auto$after$fn__17477.invoke (auto.clj:64)
    clojurescript_build.auto$error$fn__17480.invoke (auto.clj:71)
    clojurescript_build.auto$before$fn__17474.invoke (auto.clj:60)
[0mCompiling "resources/public/js/compiled/app.js" from ["src/cljs"]...
[31mCompiling "resources/public/js/compiled/app.js" failed.[0m
clojure.lang.ExceptionInfo: failed compiling file:src/cljs/link_app/routes.cljs
 at clojure.core$ex_info.invoke (core.clj:4403)
    cljs.compiler$compile_file$fn__3100.invoke (compiler.clj:1142)
    cljs.compiler$compile_file.invoke (compiler.clj:1105)
    cljs.compiler$compile_root.invoke (compiler.clj:1177)
    cljs.closure$compile_dir.invoke (closure.clj:378)
    cljs.closure$eval3516$fn__3517.invoke (closure.clj:418)
    cljs.closure$eval3452$fn__3453$G__3443__3460.invoke (closure.clj:325)
    cljs.closure$eval3503$fn__3504.invoke (closure.clj:432)
    cljs.closure$eval3452$fn__3453$G__3443__3460.invoke (closure.clj:325)
    clojurescript_build.core.CompilableSourcePaths/fn (core.clj:19)
    clojure.core$map$fn__4245.invoke (core.clj:2557)
    clojure.lang.LazySeq.sval (LazySeq.java:40)
    clojure.lang.LazySeq.seq (LazySeq.java:49)
    clojure.lang.RT.seq (RT.java:484)
    clojure.core$seq.invoke (core.clj:133)
    clojure.core$apply.invoke (core.clj:624)
    clojure.core$mapcat.doInvoke (core.clj:2586)
    clojure.lang.RestFn.invoke (RestFn.java:423)
    clojurescript_build.core.CompilableSourcePaths._compile (core.clj:19)
    cljs.closure$build.invoke (closure.clj:1446)
    clojurescript_build.core$build_source_paths_STAR_.invoke (core.clj:153)
    figwheel_sidecar.auto_builder$default_build_options$fn__17678.invoke (auto_builder.clj:78)
    figwheel_sidecar.auto_builder$insert_figwheel_connect_script$fn__17711.invoke (auto_builder.clj:179)
    figwheel_sidecar.auto_builder$warning$fn__17675.invoke (auto_builder.clj:73)
    clojurescript_build.auto$time_build$fn__17471.invoke (auto.clj:55)
    clojurescript_build.auto$after$fn__17477.invoke (auto.clj:64)
    clojurescript_build.auto$after$fn__17477.invoke (auto.clj:64)
    clojurescript_build.auto$after$fn__17477.invoke (auto.clj:64)
    clojurescript_build.auto$error$fn__17480.invoke (auto.clj:71)
    clojurescript_build.auto$before$fn__17474.invoke (auto.clj:60)
[0mCompiling "resources/public/js/compiled/app.js" from ["src/cljs"]...
[31mCompiling "resources/public/js/compiled/app.js" failed.[0m
clojure.lang.ExceptionInfo: failed compiling file:src/cljs/link_app/routes.cljs
 at clojure.core$ex_info.invoke (core.clj:4403)
    cljs.compiler$compile_file$fn__3100.invoke (compiler.clj:1142)
    cljs.compiler$compile_file.invoke (compiler.clj:1105)
    cljs.compiler$compile_root.invoke (compiler.clj:1177)
    cljs.closure$compile_dir.invoke (closure.clj:378)
    cljs.closure$eval3516$fn__3517.invoke (closure.clj:418)
    cljs.closure$eval3452$fn__3453$G__3443__3460.invoke (closure.clj:325)
    cljs.closure$eval3503$fn__3504.invoke (closure.clj:432)
    cljs.closure$eval3452$fn__3453$G__3443__3460.invoke (closure.clj:325)
    clojurescript_build.core.CompilableSourcePaths/fn (core.clj:19)
    clojure.core$map$fn__4245.invoke (core.clj:2557)
    clojure.lang.LazySeq.sval (LazySeq.java:40)
    clojure.lang.LazySeq.seq (LazySeq.java:49)
    clojure.lang.RT.seq (RT.java:484)
    clojure.core$seq.invoke (core.clj:133)
    clojure.core$apply.invoke (core.clj:624)
    clojure.core$mapcat.doInvoke (core.clj:2586)
    clojure.lang.RestFn.invoke (RestFn.java:423)
    clojurescript_build.core.CompilableSourcePaths._compile (core.clj:19)
    cljs.closure$build.invoke (closure.clj:1446)
    clojurescript_build.core$build_source_paths_STAR_.invoke (core.clj:153)
    figwheel_sidecar.auto_builder$default_build_options$fn__17678.invoke (auto_builder.clj:78)
    figwheel_sidecar.auto_builder$insert_figwheel_connect_script$fn__17711.invoke (auto_builder.clj:179)
    figwheel_sidecar.auto_builder$warning$fn__17675.invoke (auto_builder.clj:73)
    clojurescript_build.auto$time_build$fn__17471.invoke (auto.clj:55)
    clojurescript_build.auto$after$fn__17477.invoke (auto.clj:64)
    clojurescript_build.auto$after$fn__17477.invoke (auto.clj:64)
    clojurescript_build.auto$after$fn__17477.invoke (auto.clj:64)
    clojurescript_build.auto$error$fn__17480.invoke (auto.clj:71)
    clojurescript_build.auto$before$fn__17474.invoke (auto.clj:60)
[0mCompiling "resources/public/js/compiled/app.js" from ["src/cljs"]...
[32mSuccessfully compiled "resources/public/js/compiled/app.js" in 0.099 seconds.[0m
notifying browser that file changed:  /link_app/routes.js
[0mCompiling "resources/public/js/compiled/app.js" from ["src/cljs"]...
[31mCompiling "resources/public/js/compiled/app.js" failed.[0m
clojure.lang.ExceptionInfo: failed compiling file:src/cljs/link_app/routes.cljs
 at clojure.core$ex_info.invoke (core.clj:4403)
    cljs.compiler$compile_file$fn__3100.invoke (compiler.clj:1142)
    cljs.compiler$compile_file.invoke (compiler.clj:1105)
    cljs.compiler$compile_root.invoke (compiler.clj:1177)
    cljs.closure$compile_dir.invoke (closure.clj:378)
    cljs.closure$eval3516$fn__3517.invoke (closure.clj:418)
    cljs.closure$eval3452$fn__3453$G__3443__3460.invoke (closure.clj:325)
    cljs.closure$eval3503$fn__3504.invoke (closure.clj:432)
    cljs.closure$eval3452$fn__3453$G__3443__3460.invoke (closure.clj:325)
    clojurescript_build.core.CompilableSourcePaths/fn (core.clj:19)
    clojure.core$map$fn__4245.invoke (core.clj:2557)
    clojure.lang.LazySeq.sval (LazySeq.java:40)
    clojure.lang.LazySeq.seq (LazySeq.java:49)
    clojure.lang.RT.seq (RT.java:484)
    clojure.core$seq.invoke (core.clj:133)
    clojure.core$apply.invoke (core.clj:624)
    clojure.core$mapcat.doInvoke (core.clj:2586)
    clojure.lang.RestFn.invoke (RestFn.java:423)
    clojurescript_build.core.CompilableSourcePaths._compile (core.clj:19)
    cljs.closure$build.invoke (closure.clj:1446)
    clojurescript_build.core$build_source_paths_STAR_.invoke (core.clj:153)
    figwheel_sidecar.auto_builder$default_build_options$fn__17678.invoke (auto_builder.clj:78)
    figwheel_sidecar.auto_builder$insert_figwheel_connect_script$fn__17711.invoke (auto_builder.clj:179)
    figwheel_sidecar.auto_builder$warning$fn__17675.invoke (auto_builder.clj:73)
    clojurescript_build.auto$time_build$fn__17471.invoke (auto.clj:55)
    clojurescript_build.auto$after$fn__17477.invoke (auto.clj:64)
    clojurescript_build.auto$after$fn__17477.invoke (auto.clj:64)
    clojurescript_build.auto$after$fn__17477.invoke (auto.clj:64)
    clojurescript_build.auto$error$fn__17480.invoke (auto.clj:71)
    clojurescript_build.auto$before$fn__17474.invoke (auto.clj:60)
[0mCompiling "resources/public/js/compiled/app.js" from ["src/cljs"]...
[32mSuccessfully compiled "resources/public/js/compiled/app.js" in 0.099 seconds.[0m
notifying browser that file changed:  /link_app/routes.js
[0mCompiling "resources/public/js/compiled/app.js" from ["src/cljs"]...
[32mSuccessfully compiled "resources/public/js/compiled/app.js" in 0.091 seconds.[0m
notifying browser that file changed:  /link_app/routes.js
[0mCompiling "resources/public/js/compiled/app.js" from ["src/cljs"]...
[31mCompiling "resources/public/js/compiled/app.js" failed.[0m
ERROR: Invalid token: :/link on file /Users/jakesendar/link_app/src/cljs/link_app/views.cljs, line 19, column 24
[0mCompiling "resources/public/js/compiled/app.js" from ["src/cljs"]...
[32mSuccessfully compiled "resources/public/js/compiled/app.js" in 0.097 seconds.[0m
notifying browser that file changed:  /link_app/views.js
[0mCompiling "resources/public/js/compiled/app.js" from ["src/cljs"]...
[32mSuccessfully compiled "resources/public/js/compiled/app.js" in 0.094 seconds.[0m
notifying browser that file changed:  /link_app/views.js
[0mCompiling "resources/public/js/compiled/app.js" from ["src/cljs"]...
[32mSuccessfully compiled "resources/public/js/compiled/app.js" in 0.101 seconds.[0m
notifying browser that file changed:  /link_app/routes.js
[0mCompiling "resources/public/js/compiled/app.js" from ["src/cljs"]...
[32mSuccessfully compiled "resources/public/js/compiled/app.js" in 0.09 seconds.[0m
notifying browser that file changed:  /link_app/routes.js
[0mCompiling "resources/public/js/compiled/app.js" from ["src/cljs"]...
[31mCompiling "resources/public/js/compiled/app.js" failed.[0m
clojure.lang.ExceptionInfo: failed compiling file:src/cljs/link_app/routes.cljs
 at clojure.core$ex_info.invoke (core.clj:4403)
    cljs.compiler$compile_file$fn__3100.invoke (compiler.clj:1142)
    cljs.compiler$compile_file.invoke (compiler.clj:1105)
    cljs.compiler$compile_root.invoke (compiler.clj:1177)
    cljs.closure$compile_dir.invoke (closure.clj:378)
    cljs.closure$eval3516$fn__3517.invoke (closure.clj:418)
    cljs.closure$eval3452$fn__3453$G__3443__3460.invoke (closure.clj:325)
    cljs.closure$eval3503$fn__3504.invoke (closure.clj:432)
    cljs.closure$eval3452$fn__3453$G__3443__3460.invoke (closure.clj:325)
    clojurescript_build.core.CompilableSourcePaths/fn (core.clj:19)
    clojure.core$map$fn__4245.invoke (core.clj:2557)
    clojure.lang.LazySeq.sval (LazySeq.java:40)
    clojure.lang.LazySeq.seq (LazySeq.java:49)
    clojure.lang.RT.seq (RT.java:484)
    clojure.core$seq.invoke (core.clj:133)
    clojure.core$apply.invoke (core.clj:624)
    clojure.core$mapcat.doInvoke (core.clj:2586)
    clojure.lang.RestFn.invoke (RestFn.java:423)
    clojurescript_build.core.CompilableSourcePaths._compile (core.clj:19)
    cljs.closure$build.invoke (closure.clj:1446)
    clojurescript_build.core$build_source_paths_STAR_.invoke (core.clj:153)
    figwheel_sidecar.auto_builder$default_build_options$fn__17678.invoke (auto_builder.clj:78)
    figwheel_sidecar.auto_builder$insert_figwheel_connect_script$fn__17711.invoke (auto_builder.clj:179)
    figwheel_sidecar.auto_builder$warning$fn__17675.invoke (auto_builder.clj:73)
    clojurescript_build.auto$time_build$fn__17471.invoke (auto.clj:55)
    clojurescript_build.auto$after$fn__17477.invoke (auto.clj:64)
    clojurescript_build.auto$after$fn__17477.invoke (auto.clj:64)
    clojurescript_build.auto$after$fn__17477.invoke (auto.clj:64)
    clojurescript_build.auto$error$fn__17480.invoke (auto.clj:71)
    clojurescript_build.auto$before$fn__17474.invoke (auto.clj:60)
[0mCompiling "resources/public/js/compiled/app.js" from ["src/cljs"]...
[32mSuccessfully compiled "resources/public/js/compiled/app.js" in 0.096 seconds.[0m
notifying browser that file changed:  /link_app/routes.js
[0mCompiling "resources/public/js/compiled/app.js" from ["src/cljs"]...
[32mSuccessfully compiled "resources/public/js/compiled/app.js" in 0.099 seconds.[0m
notifying browser that file changed:  /link_app/views.js
[0mCompiling "resources/public/js/compiled/app.js" from ["src/cljs"]...
[32mSuccessfully compiled "resources/public/js/compiled/app.js" in 0.099 seconds.[0m
notifying browser that file changed:  /link_app/views.js
[0mCompiling "resources/public/js/compiled/app.js" from ["src/cljs"]...
[31mCompiling "resources/public/js/compiled/app.js" failed.[0m
java.lang.AssertionError: No ns form found in src/cljs/link_app/pages/new_link.cljs
 at cljs.analyzer$parse_ns$fn__2198.invoke (analyzer.clj:2095)
    cljs.analyzer$parse_ns.invoke (analyzer.clj:2055)
    cljs.analyzer$parse_ns.invoke (analyzer.clj:2046)
    cljs.compiler$compile_root$fn__3123.invoke (compiler.clj:1170)
    clojure.core$map$fn__4245.invoke (core.clj:2559)
    clojure.lang.LazySeq.sval (LazySeq.java:40)
    clojure.lang.LazySeq.seq (LazySeq.java:49)
    clojure.lang.RT.seq (RT.java:484)
    clojure.core$seq.invoke (core.clj:133)
    clojure.core$map$fn__4245.invoke (core.clj:2551)
    clojure.lang.LazySeq.sval (LazySeq.java:40)
    clojure.lang.LazySeq.seq (LazySeq.java:49)
    clojure.lang.Cons.next (Cons.java:39)
    clojure.lang.RT.next (RT.java:598)
    clojure.core$next.invoke (core.clj:64)
    clojure.core.protocols/fn (protocols.clj:146)
    clojure.core.protocols$fn__6057$G__6052__6066.invoke (protocols.clj:19)
    clojure.core.protocols$seq_reduce.invoke (protocols.clj:31)
    clojure.core.protocols/fn (protocols.clj:54)
    clojure.core.protocols$fn__6031$G__6026__6044.invoke (protocols.clj:13)
    clojure.core$reduce.invoke (core.clj:6289)
    cljs.js_deps$build_index.invoke (js_deps.clj:126)
    cljs.js_deps$dependency_order.invoke (js_deps.clj:166)
    cljs.compiler$compile_root.invoke (compiler.clj:1171)
    cljs.closure$compile_dir.invoke (closure.clj:378)
    cljs.closure$eval3516$fn__3517.invoke (closure.clj:418)
    cljs.closure$eval3452$fn__3453$G__3443__3460.invoke (closure.clj:325)
    cljs.closure$eval3503$fn__3504.invoke (closure.clj:432)
    cljs.closure$eval3452$fn__3453$G__3443__3460.invoke (closure.clj:325)
    clojurescript_build.core.CompilableSourcePaths/fn (core.clj:19)
[0mCompiling "resources/public/js/compiled/app.js" from ["src/cljs"]...
[31mCompiling "resources/public/js/compiled/app.js" failed.[0m
java.lang.AssertionError: No ns form found in src/cljs/link_app/pages/link.cljs
 at cljs.analyzer$parse_ns$fn__2198.invoke (analyzer.clj:2095)
    cljs.analyzer$parse_ns.invoke (analyzer.clj:2055)
    cljs.analyzer$parse_ns.invoke (analyzer.clj:2046)
    cljs.compiler$compile_root$fn__3123.invoke (compiler.clj:1170)
    clojure.core$map$fn__4245.invoke (core.clj:2559)
    clojure.lang.LazySeq.sval (LazySeq.java:40)
    clojure.lang.LazySeq.seq (LazySeq.java:49)
    clojure.lang.RT.seq (RT.java:484)
    clojure.core$seq.invoke (core.clj:133)
    clojure.core$map$fn__4245.invoke (core.clj:2551)
    clojure.lang.LazySeq.sval (LazySeq.java:40)
    clojure.lang.LazySeq.seq (LazySeq.java:49)
    clojure.lang.Cons.next (Cons.java:39)
    clojure.lang.RT.next (RT.java:598)
    clojure.core$next.invoke (core.clj:64)
    clojure.core.protocols/fn (protocols.clj:146)
    clojure.core.protocols$fn__6057$G__6052__6066.invoke (protocols.clj:19)
    clojure.core.protocols$seq_reduce.invoke (protocols.clj:31)
    clojure.core.protocols/fn (protocols.clj:54)
    clojure.core.protocols$fn__6031$G__6026__6044.invoke (protocols.clj:13)
    clojure.core$reduce.invoke (core.clj:6289)
    cljs.js_deps$build_index.invoke (js_deps.clj:126)
    cljs.js_deps$dependency_order.invoke (js_deps.clj:166)
    cljs.compiler$compile_root.invoke (compiler.clj:1171)
    cljs.closure$compile_dir.invoke (closure.clj:378)
    cljs.closure$eval3516$fn__3517.invoke (closure.clj:418)
    cljs.closure$eval3452$fn__3453$G__3443__3460.invoke (closure.clj:325)
    cljs.closure$eval3503$fn__3504.invoke (closure.clj:432)
    cljs.closure$eval3452$fn__3453$G__3443__3460.invoke (closure.clj:325)
    clojurescript_build.core.CompilableSourcePaths/fn (core.clj:19)
[0mCompiling "resources/public/js/compiled/app.js" from ["src/cljs"]...
[31mCompiling "resources/public/js/compiled/app.js" failed.[0m
java.lang.AssertionError: No ns form found in src/cljs/link_app/pages/link.cljs
 at cljs.analyzer$parse_ns$fn__2198.invoke (analyzer.clj:2095)
    cljs.analyzer$parse_ns.invoke (analyzer.clj:2055)
    cljs.analyzer$parse_ns.invoke (analyzer.clj:2046)
    cljs.compiler$compile_root$fn__3123.invoke (compiler.clj:1170)
    clojure.core$map$fn__4245.invoke (core.clj:2559)
    clojure.lang.LazySeq.sval (LazySeq.java:40)
    clojure.lang.LazySeq.seq (LazySeq.java:49)
    clojure.lang.RT.seq (RT.java:484)
    clojure.core$seq.invoke (core.clj:133)
    clojure.core$map$fn__4245.invoke (core.clj:2551)
    clojure.lang.LazySeq.sval (LazySeq.java:40)
    clojure.lang.LazySeq.seq (LazySeq.java:49)
    clojure.lang.Cons.next (Cons.java:39)
    clojure.lang.RT.next (RT.java:598)
    clojure.core$next.invoke (core.clj:64)
    clojure.core.protocols/fn (protocols.clj:146)
    clojure.core.protocols$fn__6057$G__6052__6066.invoke (protocols.clj:19)
    clojure.core.protocols$seq_reduce.invoke (protocols.clj:31)
    clojure.core.protocols/fn (protocols.clj:54)
    clojure.core.protocols$fn__6031$G__6026__6044.invoke (protocols.clj:13)
    clojure.core$reduce.invoke (core.clj:6289)
    cljs.js_deps$build_index.invoke (js_deps.clj:126)
    cljs.js_deps$dependency_order.invoke (js_deps.clj:166)
    cljs.compiler$compile_root.invoke (compiler.clj:1171)
    cljs.closure$compile_dir.invoke (closure.clj:378)
    cljs.closure$eval3516$fn__3517.invoke (closure.clj:418)
    cljs.closure$eval3452$fn__3453$G__3443__3460.invoke (closure.clj:325)
    cljs.closure$eval3503$fn__3504.invoke (closure.clj:432)
    cljs.closure$eval3452$fn__3453$G__3443__3460.invoke (closure.clj:325)
    clojurescript_build.core.CompilableSourcePaths/fn (core.clj:19)
[0mCompiling "resources/public/js/compiled/app.js" from ["src/cljs"]...
WARNING: Use of undeclared Var link-app.views/link-page at line 6 src/cljs/link_app/views.cljs
WARNING: Use of undeclared Var link-app.views/links-page at line 7 src/cljs/link_app/views.cljs
[32mSuccessfully compiled "resources/public/js/compiled/app.js" in 0.214 seconds.[0m
notifying browser that file changed:  resources/public/js/compiled/out/cljs_deps.js
notifying browser that file changed:  /link_app/pages/link.js
[0mCompiling "resources/public/js/compiled/app.js" from ["src/cljs"]...
[32mSuccessfully compiled "resources/public/js/compiled/app.js" in 0.086 seconds.[0m
notifying browser that file changed:  resources/public/js/compiled/out/cljs_deps.js
notifying browser that file changed:  /link_app/views.js
[0mCompiling "resources/public/js/compiled/app.js" from ["src/cljs"]...
[32mSuccessfully compiled "resources/public/js/compiled/app.js" in 0.082 seconds.[0m
notifying browser that file changed:  /link_app/views.js
[0mCompiling "resources/public/js/compiled/app.js" from ["src/cljs"]...
[31mCompiling "resources/public/js/compiled/app.js" failed.[0m
clojure.lang.ExceptionInfo: failed compiling file:src/cljs/link_app/views.cljs
 at clojure.core$ex_info.invoke (core.clj:4403)
    cljs.compiler$compile_file$fn__3100.invoke (compiler.clj:1142)
    cljs.compiler$compile_file.invoke (compiler.clj:1105)
    cljs.compiler$compile_root.invoke (compiler.clj:1177)
    cljs.closure$compile_dir.invoke (closure.clj:378)
    cljs.closure$eval3516$fn__3517.invoke (closure.clj:418)
    cljs.closure$eval3452$fn__3453$G__3443__3460.invoke (closure.clj:325)
    cljs.closure$eval3503$fn__3504.invoke (closure.clj:432)
    cljs.closure$eval3452$fn__3453$G__3443__3460.invoke (closure.clj:325)
    clojurescript_build.core.CompilableSourcePaths/fn (core.clj:19)
    clojure.core$map$fn__4245.invoke (core.clj:2557)
    clojure.lang.LazySeq.sval (LazySeq.java:40)
    clojure.lang.LazySeq.seq (LazySeq.java:49)
    clojure.lang.RT.seq (RT.java:484)
    clojure.core$seq.invoke (core.clj:133)
    clojure.core$apply.invoke (core.clj:624)
    clojure.core$mapcat.doInvoke (core.clj:2586)
    clojure.lang.RestFn.invoke (RestFn.java:423)
    clojurescript_build.core.CompilableSourcePaths._compile (core.clj:19)
    cljs.closure$build.invoke (closure.clj:1446)
    clojurescript_build.core$build_source_paths_STAR_.invoke (core.clj:153)
    figwheel_sidecar.auto_builder$default_build_options$fn__17678.invoke (auto_builder.clj:78)
    figwheel_sidecar.auto_builder$insert_figwheel_connect_script$fn__17711.invoke (auto_builder.clj:179)
    figwheel_sidecar.auto_builder$warning$fn__17675.invoke (auto_builder.clj:73)
    clojurescript_build.auto$time_build$fn__17471.invoke (auto.clj:55)
    clojurescript_build.auto$after$fn__17477.invoke (auto.clj:64)
    clojurescript_build.auto$after$fn__17477.invoke (auto.clj:64)
    clojurescript_build.auto$after$fn__17477.invoke (auto.clj:64)
    clojurescript_build.auto$error$fn__17480.invoke (auto.clj:71)
    clojurescript_build.auto$before$fn__17474.invoke (auto.clj:60)
[0mCompiling "resources/public/js/compiled/app.js" from ["src/cljs"]...
WARNING: Required namespace not provided for link-app.pages.links
[32mSuccessfully compiled "resources/public/js/compiled/app.js" in 0.111 seconds.[0m
notifying browser that file changed:  resources/public/js/compiled/out/cljs_deps.js
notifying browser that file changed:  /link_app/pages/link.js
[0mCompiling "resources/public/js/compiled/app.js" from ["src/cljs"]...
[32mSuccessfully compiled "resources/public/js/compiled/app.js" in 0.081 seconds.[0m
notifying browser that file changed:  resources/public/js/compiled/out/cljs_deps.js
notifying browser that file changed:  /link_app/pages/links.js
[0mCompiling "resources/public/js/compiled/app.js" from ["src/cljs"]...
[32mSuccessfully compiled "resources/public/js/compiled/app.js" in 0.099 seconds.[0m
notifying browser that file changed:  resources/public/js/compiled/out/cljs_deps.js
notifying browser that file changed:  /link_app/routes.js
[0mCompiling "resources/public/js/compiled/app.js" from ["src/cljs"]...
[32mSuccessfully compiled "resources/public/js/compiled/app.js" in 0.088 seconds.[0m
notifying browser that file changed:  resources/public/js/compiled/out/cljs_deps.js
notifying browser that file changed:  /link_app/pages/links.js
[0mCompiling "resources/public/js/compiled/app.js" from ["src/cljs"]...
[32mSuccessfully compiled "resources/public/js/compiled/app.js" in 0.083 seconds.[0m
notifying browser that file changed:  resources/public/js/compiled/out/cljs_deps.js
notifying browser that file changed:  /link_app/views.js
[0mCompiling "resources/public/js/compiled/app.js" from ["src/cljs"]...
[32mSuccessfully compiled "resources/public/js/compiled/app.js" in 0.093 seconds.[0m
notifying browser that file changed:  /link_app/views.js
[0mCompiling "resources/public/js/compiled/app.js" from ["src/cljs"]...
[32mSuccessfully compiled "resources/public/js/compiled/app.js" in 0.087 seconds.[0m
notifying browser that file changed:  /link_app/views.js
[0mCompiling "resources/public/js/compiled/app.js" from ["src/cljs"]...
[32mSuccessfully compiled "resources/public/js/compiled/app.js" in 0.101 seconds.[0m
notifying browser that file changed:  /link_app/views.js
[0mCompiling "resources/public/js/compiled/app.js" from ["src/cljs"]...
[32mSuccessfully compiled "resources/public/js/compiled/app.js" in 0.084 seconds.[0m
notifying browser that file changed:  resources/public/js/compiled/out/cljs_deps.js
notifying browser that file changed:  /link_app/views.js
[0mCompiling "resources/public/js/compiled/app.js" from ["src/cljs"]...
[32mSuccessfully compiled "resources/public/js/compiled/app.js" in 0.09 seconds.[0m
notifying browser that file changed:  /link_app/views.js
[0mCompiling "resources/public/js/compiled/app.js" from ["src/cljs"]...
[32mSuccessfully compiled "resources/public/js/compiled/app.js" in 0.09 seconds.[0m
notifying browser that file changed:  resources/public/js/compiled/out/cljs_deps.js
notifying browser that file changed:  /link_app/views.js
[0mCompiling "resources/public/js/compiled/app.js" from ["src/cljs"]...
[32mSuccessfully compiled "resources/public/js/compiled/app.js" in 0.083 seconds.[0m
notifying browser that file changed:  /link_app/views.js
